<?xml version="1.0" encoding="UTF-8"?>
<testng-results ignored="0" total="1" passed="1" failed="0" skipped="0">
  <reporter-output>
  </reporter-output>
  <suite started-at="2022-12-05T10:31:02 EST" name="Suite" finished-at="2022-12-05T10:31:25 EST" duration-ms="22760">
    <groups>
    </groups>
    <test started-at="2022-12-05T10:31:02 EST" name="Test" finished-at="2022-12-05T10:31:25 EST" duration-ms="22760">
      <class name="testngimplementationtestcases.CreateOrganizationTest">
        <test-method is-config="true" signature="initializeGenericUtility()[pri:0, instance:testngimplementationtestcases.CreateOrganizationTest@6ae5aa72]" started-at="2022-12-05T10:31:02 EST" name="initializeGenericUtility" finished-at="2022-12-05T10:31:06 EST" duration-ms="4138" status="PASS">
          <reporter-output>
          </reporter-output>
        </test-method> <!-- initializeGenericUtility -->
        <test-method is-config="true" signature="launchBrowserAndInitializePom()[pri:0, instance:testngimplementationtestcases.CreateOrganizationTest@6ae5aa72]" started-at="2022-12-05T10:31:06 EST" name="launchBrowserAndInitializePom" finished-at="2022-12-05T10:31:09 EST" duration-ms="3454" status="PASS">
          <reporter-output>
          </reporter-output>
        </test-method> <!-- launchBrowserAndInitializePom -->
        <test-method is-config="true" signature="loginIntoApplication()[pri:0, instance:testngimplementationtestcases.CreateOrganizationTest@6ae5aa72]" started-at="2022-12-05T10:31:09 EST" name="loginIntoApplication" finished-at="2022-12-05T10:31:12 EST" duration-ms="2796" status="PASS">
          <reporter-output>
          </reporter-output>
        </test-method> <!-- loginIntoApplication -->
        <test-method signature="createOrganization()[pri:0, instance:testngimplementationtestcases.CreateOrganizationTest@6ae5aa72]" started-at="2022-12-05T10:31:12 EST" name="createOrganization" finished-at="2022-12-05T10:31:23 EST" duration-ms="10779" status="PASS">
          <reporter-output>
          </reporter-output>
        </test-method> <!-- createOrganization -->
        <test-method is-config="true" signature="logoutFromApplication()[pri:0, instance:testngimplementationtestcases.CreateOrganizationTest@6ae5aa72]" started-at="2022-12-05T10:31:23 EST" name="logoutFromApplication" finished-at="2022-12-05T10:31:24 EST" duration-ms="1193" status="PASS">
          <reporter-output>
          </reporter-output>
        </test-method> <!-- logoutFromApplication -->
        <test-method is-config="true" signature="closeBrowser()[pri:0, instance:testngimplementationtestcases.CreateOrganizationTest@6ae5aa72]" started-at="2022-12-05T10:31:24 EST" name="closeBrowser" finished-at="2022-12-05T10:31:25 EST" duration-ms="363" status="PASS">
          <reporter-output>
          </reporter-output>
        </test-method> <!-- closeBrowser -->
        <test-method is-config="true" signature="closeWorkbook()[pri:0, instance:testngimplementationtestcases.CreateOrganizationTest@6ae5aa72]" started-at="2022-12-05T10:31:25 EST" name="closeWorkbook" finished-at="2022-12-05T10:31:25 EST" duration-ms="1" status="PASS">
          <reporter-output>
          </reporter-output>
        </test-method> <!-- closeWorkbook -->
      </class> <!-- testngimplementationtestcases.CreateOrganizationTest -->
    </test> <!-- Test -->
  </suite> <!-- Suite -->
</testng-results>
